make all --print-data-base --no-builtin-variables --no-builtin-rules --question
# GNU Make 3.81
# Copyright (C) 2006  Free Software Foundation, Inc.
# This is free software; see the source for copying conditions.
# There is NO warranty; not even for MERCHANTABILITY or FITNESS FOR A
# PARTICULAR PURPOSE.

# This program built for i386-apple-darwin11.3.0
 
make: *** No rule to make target `all'.  Stop.


# Make data base, printed on Wed Jul  6 10:49:44 2022

# Variables

# automatic
<D = $(patsubst %/,%,$(dir $<))
# automatic
?F = $(notdir $?)
# environment
NPM_CONFIG_USERCONFIG = /Users/Shared/CLOUD/Kunden/ErnstYoung/.env.node/.npmrc
# automatic
?D = $(patsubst %/,%,$(dir $?))
# environment
DIRENV_WATCHES = eJxszsFKxDAQgOF3ybk4SZpMm151TyoKsgcRD5Nm4hZqAkm6KuK7y-Kt-ALf_798i0dqJzEJOFYuFZ5OVDjA9d3D8QZutxQ4waGk2p7zlt7gitO5zKIT9zm05Z3FpNAO0qkRbScOn0ttVUytbPzT7Wm-MF9_zJpnWqFeYhCWwukMtK75A1DaiHYccLR9kBR7rV0MNLP2g_G6j8p4x-RcMKRjr1Dh7EcibyUaaf9Zk8bI3drrbwAAAP___sJOPw==
# automatic
@D = $(patsubst %/,%,$(dir $@))
# automatic
@F = $(notdir $@)
# environment
GITLAB_NOTIFICATIONS_TOKEN = 
# makefile
CURDIR := /Users/Shared/CLOUD/Kunden/ErnstYoung/Repositories/Playground/Tutorial_CircleCard
# makefile
SHELL = /bin/sh
# environment
VSCODE_NLS_CONFIG = {"locale":"de","availableLanguages":{},"_languagePackSupport":true}
# environment
DIRENV_LOG_FORMAT = 
# environment
_ = /usr/bin/make
# environment
SUDO_COMMAND = /usr/local/bin/bash
# environment
DIRENV_FILE = /Users/Shared/CLOUD/Kunden/ErnstYoung/.envrc
# makefile (from `Makefile', line 1)
MAKEFILE_LIST :=  Makefile
# environment
DIRENV_DIFF = eJzEk1-PojAUxb9Ln1VwlEFM5qErMCLyR0SNvBD-dBSRUtuiwsTvvtHZXbObnc34tC_NvTfnl9yenr4DAobvwIX-GAyBsGCIMmG-jShKhdHUWaiCWeEUYUGjmPF1WeGNEGd4-EOJrtP6z-lvvIqOaF8SRP2y3LMPWcWosC-TaH9vb8Wvjt2q6wkuLYCvK6qGp9nLUDU8MATtL20KWj8p3ZhqX75fB-EjTe7wCvqjsTYHQ4AmZ9Yw3TyrcLZx9F4d5_15QKyiK3X9ujTZJvFUyS762-AA8-LZrEy5bpu8DadvoawMMjE9TBpt4ujrSg8kZ6nuoJL21MEsqPh51j9Fr_kTkZs9lzcZd6TGNHylKUQp6OnEho54yL14njhY5Hy5qHnsNr68KtqWroTNhODVQUfr7Wh1qnKLm7IEu2qUjddJMvWU_Jsn06Vo2VP3aRO-Pu8GpH9ue4llejvaVbeylmRxvYiiNyXIB7HRSymNTxBCNwxDNnHc08sLaAHbtcKRY-vGa7iYa95H-ZC1HVymSOhgUtxMfih6d55gUvw1b_-CPsuoho8ZLXGBMGeCfVV2B51-R_wU-N-fogXc60OMHeuxWN-9A5fL9wAAAP__voRZmw==
# environment
VSCODE_PORTABLE = /Users/Shared/VSCode/ErnstYoung/code-insiders-portable-data
# environment
PATH = /Users/Shared/CLOUD/Kunden/ErnstYoung/.env.node/pnpm:/Users/Shared/CLOUD/Kunden/ErnstYoung/.env.node/bin:/Users/Shared/CLOUD/Environments/Node/18.4.0/bin:/Users/Shared/CLOUD/Kunden/ErnstYoung/bin:/Users/ernstyoung/bin:/Users/Shared/CLOUD/DeveloperTools/bin:/usr/local/bin:/usr/bin:/bin:/usr/sbin:/sbin
# environment
SERVER_SOFTWARE = Development
# environment
PNPM_HOME = /Users/Shared/CLOUD/Kunden/ErnstYoung/.env.node/pnpm
 
# environment
GOTO = PLAYGROUND
# environment
ELECTRON_RUN_AS_NODE = 1
# default
.FEATURES := target-specific order-only second-expansion else-if archives jobserver check-symlink
# environment
SSH_AUTH_SOCK = /tmp/ssh-ErqOn6a7FkrO/agent.74167
# automatic
%F = $(notdir $%)
# environment
PWD = /Users/Shared/CLOUD/Kunden/ErnstYoung/Repositories/Playground/Tutorial_CircleCard
# environment
SSH_AGENT_PID = 74168
# environment
ORIGINAL_XDG_CURRENT_DESKTOP = undefined
# environment
VSCODE_AMD_ENTRYPOINT = vs/workbench/api/node/extensionHostProcess
# environment
HOME = /Users/ernstyoung
# default
MAKEFILEPATH := /Applications/Xcode.app/Contents/Developer/Makefiles
# environment
VSCODE_CODE_CACHE_PATH = /Users/Shared/VSCode/ErnstYoung/code-insiders-portable-data/user-data/CachedData/92d25e35d9bf1a6b16f7d0758f25d48ace11e5b9
# environment
SUDO_USER = ralphg
# environment
LOGNAME = ernstyoung
# environment
SUDO_GID = 20
# environment
APPLICATION_INSIGHTS_NO_DIAGNOSTIC_CHANNEL = 1
# environment
VSCODE_HANDLES_UNCAUGHT_ERRORS = true
# automatic
^D = $(patsubst %/,%,$(dir $^))
# environment
COLORTERM = truecolor
# default
MAKE = $(MAKE_COMMAND)
# environment
LC_TERMINAL = iTerm2
# environment
DIRENV_DIR = -/Users/Shared/CLOUD/Kunden/ErnstYoung
# environment
SHLVL = 3
# environment
SUDO_UID = 502
# default
MAKE_VERSION := 3.81
# environment
USER = ernstyoung
# makefile
.DEFAULT_GOAL := default
# default
MAKECMDGOALS := all
# automatic
%D = $(patsubst %/,%,$(dir $%))
# environment
VSCODE_CWD = /Users/Shared/CLOUD/Kunden/ErnstYoung/Repositories/Playground/Tutorial_CircleCard
# default
MAKE_COMMAND := /Applications/Xcode.app/Contents/Developer/usr/bin/make
# default
.VARIABLES := 
# automatic
*F = $(notdir $*)
# environment
VSCODE_IPC_HOOK = /Users/Shared/VSCode/ErnstYoung/code-insiders-portable-data/user-data/1.69.0-insider-main.sock
# makefile
MAKEFLAGS = Rrqp
# environment
MFLAGS = -Rrqp
# automatic
*D = $(patsubst %/,%,$(dir $*))
# environment
MAIL = /var/mail/ernstyoung
# environment
LC_TERMINAL_VERSION = 3.4.16
# automatic
+D = $(patsubst %/,%,$(dir $+))
# automatic
+F = $(notdir $+)
# environment
COLORFGBG = 15;0
# environment
__CF_USER_TEXT_ENCODING = 0x1FA:0:3
# default
MAKEFILES := 
# automatic
<F = $(notdir $<)
# environment
LC_ALL = C
# environment
CHROME_BIN = /usr/local/bin/chromium
# automatic
^F = $(notdir $^)
# default
SUFFIXES := 
# default
.INCLUDE_DIRS = /usr/local/include
# makefile (from `Makefile', line 5)
FILE_CERTIFICATIONTOOLS := "../../../.env.node/lib/node_modules/powerbi-visuals-tools/lib/CertificateTools.js"
# environment
MAKELEVEL := 0
# environment
LANG = C
# environment
TERM = xterm-256color
# environment
VSCODE_PID = 84070
# variable set hash-table stats:
# Load=76/1024=7%, Rehash=0, Collisions=7/100=7%

# Pattern-specific Variable Values

# No pattern-specific variable values.

# Directories

# . (device 16777225, inode 130555518): 20 files, no impossibilities.

# 20 files, no impossibilities in 1 directories.

# Implicit Rules

# No implicit rules.

# Files

# Not a target:
all:
#  Command-line target.
#  Implicit rule search has been done.
#  File does not exist.
#  File has not been updated.
# variable set hash-table stats:
# Load=0/32=0%, Rehash=0, Collisions=0/0=0%

install_cert_edit:
#  Implicit rule search has not been done.
#  Modification time never checked.
#  File has not been updated.
#  commands to execute (from `Makefile', line 15):
	vi $(FILE_CERTIFICATIONTOOLS)
	

install_cert_fix: clean_certs
#  Implicit rule search has not been done.
#  Modification time never checked.
#  File has not been updated.
#  commands to execute (from `Makefile', line 12):
	sed -i '' '1,$$s/const subject = "localhost"/const subject = "PowerBi Visual: Created with pbiviz"/g' $(FILE_CERTIFICATIONTOOLS)
	

# Not a target:
.SUFFIXES:
#  Implicit rule search has not been done.
#  Modification time never checked.
#  File has not been updated.

# Not a target:
Makefile:
#  Implicit rule search has been done.
#  Last modified 2022-07-06 10:07:52
#  File has been updated.
#  Successfully updated.
# variable set hash-table stats:
# Load=0/32=0%, Rehash=0, Collisions=0/0=0%

start:
#  Implicit rule search has not been done.
#  Modification time never checked.
#  File has not been updated.
#  commands to execute (from `Makefile', line 25):
	pbiviz start
	

cert:
#  Implicit rule search has not been done.
#  Modification time never checked.
#  File has not been updated.
#  commands to execute (from `Makefile', line 8):
	pbiviz --install-cert
	echo "Finally: Edit Cert in Certification Manager - set Vertrauen to 'Immer Vertrauen'"
	

default:
#  Implicit rule search has not been done.
#  Modification time never checked.
#  File has not been updated.
#  commands to execute (from `Makefile', line 2):
	cat Makefile
	

# Not a target:
.DEFAULT:
#  Implicit rule search has not been done.
#  Modification time never checked.
#  File has not been updated.

clean_certs:
#  Implicit rule search has not been done.
#  Modification time never checked.
#  File has not been updated.
#  commands to execute (from `Makefile', line 18):
	rm -f ../../../.env.node/lib/node_modules/powerbi-visuals-tools/certs/PowerBICustomVisualTest_p*
	

install:
#  Implicit rule search has not been done.
#  Modification time never checked.
#  File has not been updated.
#  commands to execute (from `Makefile', line 22):
	pnpm install
	

# files hash-table stats:
# Load=11/1024=1%, Rehash=0, Collisions=0/24=0%
# VPATH Search Paths

# No `vpath' search paths.

# No general (`VPATH' variable) search path.

# # of strings in strcache: 1
# # of strcache buffers: 1
# strcache size: total = 4096 / max = 4096 / min = 4096 / avg = 4096
# strcache free: total = 4087 / max = 4087 / min = 4087 / avg = 4087

# Finished Make data base on Wed Jul  6 10:49:44 2022

 
